<?xml version="1.0" encoding="UTF-8"?>
<testng-results ignored="0" total="2" passed="2" failed="0" skipped="0">
  <reporter-output>
  </reporter-output>
  <suite started-at="2025-04-05T20:54:47 IST" name="Master Suite" finished-at="2025-04-05T20:55:08 IST" duration-ms="21388">
    <groups>
      <group name="Master">
        <method signature="TC002_LoginTest.verify_login()[pri:0, instance:testCases.TC002_LoginTest@cb191ca]" name="verify_login" class="testCases.TC002_LoginTest"/>
        <method signature="TC002_LoginTest.verify_login()[pri:0, instance:testCases.TC002_LoginTest@5b07730f]" name="verify_login" class="testCases.TC002_LoginTest"/>
      </group> <!-- Master -->
      <group name="Sanity">
        <method signature="TC002_LoginTest.verify_login()[pri:0, instance:testCases.TC002_LoginTest@cb191ca]" name="verify_login" class="testCases.TC002_LoginTest"/>
        <method signature="TC002_LoginTest.verify_login()[pri:0, instance:testCases.TC002_LoginTest@5b07730f]" name="verify_login" class="testCases.TC002_LoginTest"/>
      </group> <!-- Sanity -->
    </groups>
    <test started-at="2025-04-05T20:54:47 IST" name="Test" finished-at="2025-04-05T20:54:57 IST" duration-ms="10881">
      <class name="testCases.TC002_LoginTest">
        <test-method is-config="true" signature="setup(java.lang.String,java.lang.String)[pri:0, instance:testCases.TC002_LoginTest@cb191ca]" started-at="2025-04-05T20:54:47 IST" name="setup" finished-at="2025-04-05T20:54:55 IST" duration-ms="7772" status="PASS">
          <params>
            <param index="0">
              <value>
                <![CDATA[Linux]]>
              </value>
            </param>
            <param index="1">
              <value>
                <![CDATA[firefox]]>
              </value>
            </param>
          </params>
          <reporter-output>
          </reporter-output>
        </test-method> <!-- setup -->
        <test-method signature="verify_login()[pri:0, instance:testCases.TC002_LoginTest@cb191ca]" started-at="2025-04-05T20:54:55 IST" name="verify_login" finished-at="2025-04-05T20:54:56 IST" duration-ms="1770" status="PASS">
          <reporter-output>
          </reporter-output>
        </test-method> <!-- verify_login -->
        <test-method is-config="true" signature="tearDown()[pri:0, instance:testCases.TC002_LoginTest@cb191ca]" started-at="2025-04-05T20:54:56 IST" name="tearDown" finished-at="2025-04-05T20:54:57 IST" duration-ms="1032" status="PASS">
          <reporter-output>
          </reporter-output>
        </test-method> <!-- tearDown -->
      </class> <!-- testCases.TC002_LoginTest -->
    </test> <!-- Test -->
    <test started-at="2025-04-05T20:54:59 IST" name="Test-Linux" finished-at="2025-04-05T20:55:08 IST" duration-ms="8784">
      <class name="testCases.TC002_LoginTest">
        <test-method is-config="true" signature="setup(java.lang.String,java.lang.String)[pri:0, instance:testCases.TC002_LoginTest@5b07730f]" started-at="2025-04-05T20:54:59 IST" name="setup" finished-at="2025-04-05T20:55:05 IST" duration-ms="6155" status="PASS">
          <params>
            <param index="0">
              <value>
                <![CDATA[Mac]]>
              </value>
            </param>
            <param index="1">
              <value>
                <![CDATA[chrome]]>
              </value>
            </param>
          </params>
          <reporter-output>
          </reporter-output>
        </test-method> <!-- setup -->
        <test-method signature="verify_login()[pri:0, instance:testCases.TC002_LoginTest@5b07730f]" started-at="2025-04-05T20:55:05 IST" name="verify_login" finished-at="2025-04-05T20:55:08 IST" duration-ms="2438" status="PASS">
          <reporter-output>
          </reporter-output>
        </test-method> <!-- verify_login -->
        <test-method is-config="true" signature="tearDown()[pri:0, instance:testCases.TC002_LoginTest@5b07730f]" started-at="2025-04-05T20:55:08 IST" name="tearDown" finished-at="2025-04-05T20:55:08 IST" duration-ms="185" status="PASS">
          <reporter-output>
          </reporter-output>
        </test-method> <!-- tearDown -->
      </class> <!-- testCases.TC002_LoginTest -->
    </test> <!-- Test-Linux -->
  </suite> <!-- Master Suite -->
</testng-results>
